Compression Benchmark
Payload Profile: pso_like | Payload Size: 64KB
════════════════════════════════════════════════════════════════════════════════════════════
 Algorithm    │   Compressed │    Ratio │  Compress(μs) │  Decompress(μs) │   Throughput │
════════════════════════════════════════════════════════════════════════════════════════════
 noop         │        64 KB │    1.00x │            169 │                3 │     369 MB/s │
 zstd         │         3 KB │   22.36x │          19477 │               46 │      91 MB/s │
 lz4          │         5 KB │   14.36x │            972 │               22 │     145 MB/s │
 zlib         │         3 KB │   19.82x │           2040 │              202 │      59 MB/s │
 snappy       │         6 KB │   10.36x │            245 │               25 │     255 MB/s │
 brotli       │         3 KB │   23.43x │         147228 │              156 │      67 MB/s │
 oodle_kraken │         4 KB │   19.04x │            836 │               70 │      85 MB/s │
 oodle_leviathan │         3 KB │   24.85x │           6049 │               54 │      38 MB/s │
 oodle_mermaid │         5 KB │   12.95x │            793 │               73 │      86 MB/s │
 oodle_selkie │        12 KB │    7.15x │            650 │               41 │     104 MB/s │
════════════════════════════════════════════════════════════════════════════════════════════

Payload Profile: pso_like | Payload Size: 256KB
════════════════════════════════════════════════════════════════════════════════════════════
 Algorithm    │   Compressed │    Ratio │  Compress(μs) │  Decompress(μs) │   Throughput │
════════════════════════════════════════════════════════════════════════════════════════════
 noop         │       256 KB │    1.00x │            697 │               21 │     359 MB/s │
 zstd         │        10 KB │   25.45x │          75953 │              144 │     106 MB/s │
 lz4          │        17 KB │   16.07x │           4021 │               74 │     133 MB/s │
 zlib         │        12 KB │   21.94x │           7891 │              757 │      59 MB/s │
 snappy       │        25 KB │   10.30x │           1155 │              215 │     217 MB/s │
 brotli       │        10 KB │   25.93x │         614223 │              685 │      63 MB/s │
 oodle_kraken │        14 KB │   21.00x │           2697 │              272 │      98 MB/s │
 oodle_leviathan │         9 KB │   27.92x │           5572 │              189 │      61 MB/s │
 oodle_mermaid │        18 KB │   15.85x │           3595 │              242 │      83 MB/s │
 oodle_selkie │        46 KB │    8.22x │           3122 │              155 │      98 MB/s │
════════════════════════════════════════════════════════════════════════════════════════════

Payload Profile: pso_like | Payload Size: 1024KB
════════════════════════════════════════════════════════════════════════════════════════════
 Algorithm    │   Compressed │    Ratio │  Compress(μs) │  Decompress(μs) │   Throughput │
════════════════════════════════════════════════════════════════════════════════════════════
 noop         │      1024 KB │    1.00x │           3135 │              467 │     319 MB/s │
 zstd         │        39 KB │   26.68x │         240410 │              883 │     114 MB/s │
 lz4          │        65 KB │   16.34x │          16427 │              732 │     131 MB/s │
 zlib         │        46 KB │   22.61x │          31400 │             3398 │      60 MB/s │
 snappy       │        99 KB │   10.30x │           4518 │             1349 │     221 MB/s │
 brotli       │        39 KB │   26.94x │        2465716 │             3284 │      69 MB/s │
 oodle_kraken │        55 KB │   21.14x │          11288 │             1429 │      94 MB/s │
 oodle_leviathan │        37 KB │   28.24x │          22929 │             1133 │      60 MB/s │
 oodle_mermaid │        72 KB │   16.22x │          13170 │             1283 │      92 MB/s │
 oodle_selkie │       179 KB │    8.30x │          12014 │              952 │     103 MB/s │
════════════════════════════════════════════════════════════════════════════════════════════

Payload Profile: high_compressibility | Payload Size: 64KB
════════════════════════════════════════════════════════════════════════════════════════════
 Algorithm    │   Compressed │    Ratio │  Compress(μs) │  Decompress(μs) │   Throughput │
════════════════════════════════════════════════════════════════════════════════════════════
 noop         │        64 KB │    1.00x │            169 │                3 │     370 MB/s │
 zstd         │         7 KB │    9.63x │          41813 │               43 │      96 MB/s │
 lz4          │         8 KB │    8.44x │           1520 │               18 │     147 MB/s │
 zlib         │         7 KB │    9.15x │           4505 │              227 │      44 MB/s │
 snappy       │         9 KB │    6.80x │            230 │               19 │     272 MB/s │
 brotli       │         7 KB │    9.49x │         113630 │              117 │      59 MB/s │
 oodle_kraken │         6 KB │    9.88x │            762 │               27 │      99 MB/s │
 oodle_leviathan │         6 KB │   10.01x │           4860 │               31 │      47 MB/s │
 oodle_mermaid │         7 KB │    9.00x │            679 │               23 │     113 MB/s │
 oodle_selkie │         8 KB │    7.66x │            587 │               26 │     130 MB/s │
════════════════════════════════════════════════════════════════════════════════════════════

Payload Profile: high_compressibility | Payload Size: 256KB
════════════════════════════════════════════════════════════════════════════════════════════
 Algorithm    │   Compressed │    Ratio │  Compress(μs) │  Decompress(μs) │   Throughput │
════════════════════════════════════════════════════════════════════════════════════════════
 noop         │       256 KB │    1.00x │            700 │               20 │     358 MB/s │
 zstd         │        26 KB │    9.73x │         229450 │               82 │     101 MB/s │
 lz4          │        29 KB │    8.69x │           5842 │               52 │     121 MB/s │
 zlib         │        28 KB │    9.19x │          18023 │              876 │      43 MB/s │
 snappy       │        38 KB │    6.80x │           1056 │              191 │     237 MB/s │
 brotli       │        27 KB │    9.57x │         481764 │              536 │      57 MB/s │
 oodle_kraken │        26 KB │   10.00x │           2517 │               87 │     113 MB/s │
 oodle_leviathan │        25 KB │   10.12x │           5079 │               99 │      66 MB/s │
 oodle_mermaid │        28 KB │    9.09x │           3116 │               71 │     103 MB/s │
 oodle_selkie │        33 KB │    7.74x │           2778 │               84 │     118 MB/s │
════════════════════════════════════════════════════════════════════════════════════════════

Payload Profile: high_compressibility | Payload Size: 1024KB
════════════════════════════════════════════════════════════════════════════════════════════
 Algorithm    │   Compressed │    Ratio │  Compress(μs) │  Decompress(μs) │   Throughput │
════════════════════════════════════════════════════════════════════════════════════════════
 noop         │      1024 KB │    1.00x │           3170 │              448 │     316 MB/s │
 zstd         │       106 KB │    9.64x │         584410 │              693 │     102 MB/s │
 lz4          │       118 KB │    8.70x │          23443 │              623 │     119 MB/s │
 zlib         │       111 KB │    9.20x │          71116 │             4044 │      43 MB/s │
 snappy       │       151 KB │    6.80x │           4224 │             1191 │     237 MB/s │
 brotli       │       107 KB │    9.57x │        2013539 │             2615 │      59 MB/s │
 oodle_kraken │       103 KB │    9.98x │          10928 │              680 │     104 MB/s │
 oodle_leviathan │       101 KB │   10.09x │          21137 │              704 │      66 MB/s │
 oodle_mermaid │       113 KB │    9.04x │          11340 │              620 │     119 MB/s │
 oodle_selkie │       133 KB │    7.72x │          10590 │              659 │     131 MB/s │
════════════════════════════════════════════════════════════════════════════════════════════

Payload Profile: low_compressibility | Payload Size: 64KB
════════════════════════════════════════════════════════════════════════════════════════════
 Algorithm    │   Compressed │    Ratio │  Compress(μs) │  Decompress(μs) │   Throughput │
════════════════════════════════════════════════════════════════════════════════════════════
 noop         │        64 KB │    1.00x │            169 │                4 │     370 MB/s │
 zstd         │        58 KB │    1.10x │           4823 │               21 │      41 MB/s │
 lz4          │        59 KB │    1.08x │           1567 │               14 │     106 MB/s │
 zlib         │        58 KB │    1.10x │           5556 │              680 │      14 MB/s │
 snappy       │        59 KB │    1.08x │            311 │               27 │     202 MB/s │
 brotli       │        58 KB │    1.10x │         144729 │              626 │      22 MB/s │
 oodle_kraken │        58 KB │    1.10x │           1866 │               24 │      47 MB/s │
 oodle_leviathan │        58 KB │    1.11x │           7587 │               29 │      23 MB/s │
 oodle_mermaid │        58 KB │    1.10x │           1665 │               20 │      52 MB/s │
 oodle_selkie │        61 KB │    1.05x │           1360 │               16 │      71 MB/s │
════════════════════════════════════════════════════════════════════════════════════════════

Payload Profile: low_compressibility | Payload Size: 256KB
════════════════════════════════════════════════════════════════════════════════════════════
 Algorithm    │   Compressed │    Ratio │  Compress(μs) │  Decompress(μs) │   Throughput │
════════════════════════════════════════════════════════════════════════════════════════════
 noop         │       256 KB │    1.00x │            683 │               21 │     366 MB/s │
 zstd         │       232 KB │    1.10x │          19260 │               73 │      43 MB/s │
 lz4          │       236 KB │    1.08x │           7894 │               53 │      89 MB/s │
 zlib         │       233 KB │    1.10x │          25386 │             2685 │      12 MB/s │
 snappy       │       237 KB │    1.08x │           1378 │              224 │     182 MB/s │
 brotli       │       233 KB │    1.10x │         576139 │             3420 │      21 MB/s │
 oodle_kraken │       232 KB │    1.10x │           7291 │               95 │      48 MB/s │
 oodle_leviathan │       231 KB │    1.11x │          15062 │              160 │      26 MB/s │
 oodle_mermaid │       234 KB │    1.10x │           8149 │               78 │      51 MB/s │
 oodle_selkie │       245 KB │    1.05x │           7627 │               58 │      63 MB/s │
════════════════════════════════════════════════════════════════════════════════════════════

Payload Profile: low_compressibility | Payload Size: 1024KB
════════════════════════════════════════════════════════════════════════════════════════════
 Algorithm    │   Compressed │    Ratio │  Compress(μs) │  Decompress(μs) │   Throughput │
════════════════════════════════════════════════════════════════════════════════════════════
 noop         │      1024 KB │    1.00x │           3126 │              426 │     320 MB/s │
 zstd         │       924 KB │    1.11x │         106240 │              619 │      51 MB/s │
 lz4          │       944 KB │    1.08x │          33489 │              656 │      83 MB/s │
 zlib         │       933 KB │    1.10x │         105424 │            11221 │      12 MB/s │
 snappy       │       948 KB │    1.08x │           6192 │             1889 │     162 MB/s │
 brotli       │       933 KB │    1.10x │        1930097 │            14292 │      18 MB/s │
 oodle_kraken │       927 KB │    1.10x │          30996 │              673 │      44 MB/s │
 oodle_leviathan │       922 KB │    1.11x │          64731 │              842 │      25 MB/s │
 oodle_mermaid │       935 KB │    1.10x │          34394 │              615 │      51 MB/s │
 oodle_selkie │       980 KB │    1.05x │          32935 │              590 │      61 MB/s │
════════════════════════════════════════════════════════════════════════════════════════════


Compression Benchmark Summary
═════════════════════
Platform: Android 14 (API 34) | Device: NX721J | SoC: pineapple

Compression: 10 algorithms × 3 payload profile(s) × 3 payload size(s) × 5 iteration(s) = 990 results
  Best ratio: zstd — 31.93x
  Fastest decompress: noop — 3 μs

JSON written to: results.json
CSV written to: results.csv
