Compression Benchmark
Payload Profile: pso_like | Payload Size: 64KB
════════════════════════════════════════════════════════════════════════════════════════════
 Algorithm    │   Compressed │    Ratio │  Compress(μs) │  Decompress(μs) │   Throughput │
════════════════════════════════════════════════════════════════════════════════════════════
 noop         │        64 KB │    1.00x │             89 │                2 │     706 MB/s │
 zstd         │         3 KB │   22.36x │           6008 │               25 │     253 MB/s │
 lz4          │         5 KB │   14.36x │            290 │                6 │     374 MB/s │
 zlib         │         3 KB │   19.82x │            759 │               63 │     166 MB/s │
 snappy       │         6 KB │   10.37x │            124 │                7 │     512 MB/s │
 brotli       │         3 KB │   23.43x │          40638 │               46 │     186 MB/s │
 oodle_kraken │         4 KB │   19.04x │            275 │               18 │     280 MB/s │
 oodle_leviathan │         3 KB │   24.85x │           1683 │               18 │     110 MB/s │
 oodle_mermaid │         5 KB │   12.95x │            277 │               18 │     263 MB/s │
 oodle_selkie │        12 KB │    7.15x │            251 │                9 │     258 MB/s │
════════════════════════════════════════════════════════════════════════════════════════════

Payload Profile: pso_like | Payload Size: 256KB
════════════════════════════════════════════════════════════════════════════════════════════
 Algorithm    │   Compressed │    Ratio │  Compress(μs) │  Decompress(μs) │   Throughput │
════════════════════════════════════════════════════════════════════════════════════════════
 noop         │       256 KB │    1.00x │            348 │                9 │     721 MB/s │
 zstd         │        10 KB │   25.45x │          23986 │               85 │     255 MB/s │
 lz4          │        17 KB │   16.07x │           1260 │               17 │     342 MB/s │
 zlib         │        12 KB │   21.94x │           2643 │              229 │     176 MB/s │
 snappy       │        25 KB │   10.32x │            488 │               44 │     534 MB/s │
 brotli       │        10 KB │   25.93x │         171330 │              174 │     207 MB/s │
 oodle_kraken │        14 KB │   21.00x │            878 │              106 │     289 MB/s │
 oodle_leviathan │         9 KB │   27.92x │           1670 │               60 │     193 MB/s │
 oodle_mermaid │        18 KB │   15.85x │           1229 │               68 │     255 MB/s │
 oodle_selkie │        46 KB │    8.22x │           1019 │               44 │     282 MB/s │
════════════════════════════════════════════════════════════════════════════════════════════

Payload Profile: pso_like | Payload Size: 1024KB
════════════════════════════════════════════════════════════════════════════════════════════
 Algorithm    │   Compressed │    Ratio │  Compress(μs) │  Decompress(μs) │   Throughput │
════════════════════════════════════════════════════════════════════════════════════════════
 noop         │      1024 KB │    1.00x │           1324 │               54 │     755 MB/s │
 zstd         │        39 KB │   26.68x │          74674 │              273 │     253 MB/s │
 lz4          │        65 KB │   16.34x │           4876 │               98 │     354 MB/s │
 zlib         │        46 KB │   22.61x │          10589 │             1005 │     177 MB/s │
 snappy       │        99 KB │   10.31x │           1846 │              255 │     542 MB/s │
 brotli       │        39 KB │   26.94x │         701150 │              713 │     202 MB/s │
 oodle_kraken │        55 KB │   21.14x │           3688 │              376 │     284 MB/s │
 oodle_leviathan │        37 KB │   28.24x │           6985 │              288 │     182 MB/s │
 oodle_mermaid │        72 KB │   16.22x │           3688 │              254 │     295 MB/s │
 oodle_selkie │       179 KB │    8.30x │           3662 │              204 │     304 MB/s │
════════════════════════════════════════════════════════════════════════════════════════════

Payload Profile: high_compressibility | Payload Size: 64KB
════════════════════════════════════════════════════════════════════════════════════════════
 Algorithm    │   Compressed │    Ratio │  Compress(μs) │  Decompress(μs) │   Throughput │
════════════════════════════════════════════════════════════════════════════════════════════
 noop         │        64 KB │    1.00x │             88 │                3 │     714 MB/s │
 zstd         │         7 KB │    9.63x │          12449 │               17 │     237 MB/s │
 lz4          │         8 KB │    8.44x │            391 │                3 │     364 MB/s │
 zlib         │         7 KB │    9.15x │           1387 │               71 │     139 MB/s │
 snappy       │         9 KB │    6.80x │            112 │                6 │     566 MB/s │
 brotli       │         7 KB │    9.49x │          34968 │               66 │     157 MB/s │
 oodle_kraken │         6 KB │    9.88x │            291 │                6 │     255 MB/s │
 oodle_leviathan │         6 KB │   10.01x │           1549 │               10 │     183 MB/s │
 oodle_mermaid │         7 KB │    9.00x │            256 │                5 │     273 MB/s │
 oodle_selkie │         8 KB │    7.66x │            270 │               37 │     265 MB/s │
════════════════════════════════════════════════════════════════════════════════════════════

Payload Profile: high_compressibility | Payload Size: 256KB
════════════════════════════════════════════════════════════════════════════════════════════
 Algorithm    │   Compressed │    Ratio │  Compress(μs) │  Decompress(μs) │   Throughput │
════════════════════════════════════════════════════════════════════════════════════════════
 noop         │       256 KB │    1.00x │            342 │               14 │     731 MB/s │
 zstd         │        26 KB │    9.73x │          76823 │               34 │     242 MB/s │
 lz4          │        29 KB │    8.69x │           1472 │               14 │     338 MB/s │
 zlib         │        28 KB │    9.19x │           5410 │              286 │     135 MB/s │
 snappy       │        38 KB │    6.80x │            376 │               50 │     665 MB/s │
 brotli       │        27 KB │    9.57x │         145978 │              131 │     191 MB/s │
 oodle_kraken │        26 KB │   10.00x │            829 │               26 │     335 MB/s │
 oodle_leviathan │        25 KB │   10.12x │           1597 │               36 │     209 MB/s │
 oodle_mermaid │        28 KB │    9.09x │            879 │               24 │     352 MB/s │
 oodle_selkie │        33 KB │    7.74x │            834 │               30 │     357 MB/s │
════════════════════════════════════════════════════════════════════════════════════════════

Payload Profile: high_compressibility | Payload Size: 1024KB
════════════════════════════════════════════════════════════════════════════════════════════
 Algorithm    │   Compressed │    Ratio │  Compress(μs) │  Decompress(μs) │   Throughput │
════════════════════════════════════════════════════════════════════════════════════════════
 noop         │      1024 KB │    1.00x │           1346 │               37 │     743 MB/s │
 zstd         │       106 KB │    9.64x │         198642 │              203 │     243 MB/s │
 lz4          │       118 KB │    8.70x │           5910 │               96 │     323 MB/s │
 zlib         │       111 KB │    9.20x │          21090 │             1159 │     137 MB/s │
 snappy       │       151 KB │    6.80x │           1637 │              247 │     611 MB/s │
 brotli       │       107 KB │    9.57x │         605088 │              681 │     173 MB/s │
 oodle_kraken │       103 KB │    9.98x │           3115 │              119 │     351 MB/s │
 oodle_leviathan │       101 KB │   10.09x │           6266 │              164 │     217 MB/s │
 oodle_mermaid │       113 KB │    9.04x │           2942 │               91 │     393 MB/s │
 oodle_selkie │       133 KB │    7.72x │           2918 │              145 │     392 MB/s │
════════════════════════════════════════════════════════════════════════════════════════════

Payload Profile: low_compressibility | Payload Size: 64KB
════════════════════════════════════════════════════════════════════════════════════════════
 Algorithm    │   Compressed │    Ratio │  Compress(μs) │  Decompress(μs) │   Throughput │
════════════════════════════════════════════════════════════════════════════════════════════
 noop         │        64 KB │    1.00x │             82 │                0 │     760 MB/s │
 zstd         │        58 KB │    1.10x │           2114 │               15 │      86 MB/s │
 lz4          │        59 KB │    1.08x │            528 │                4 │     272 MB/s │
 zlib         │        58 KB │    1.10x │           1865 │              228 │      41 MB/s │
 snappy       │        59 KB │    1.08x │            154 │                5 │     454 MB/s │
 brotli       │        58 KB │    1.10x │          53544 │              211 │      63 MB/s │
 oodle_kraken │        58 KB │    1.10x │            483 │                8 │     176 MB/s │
 oodle_leviathan │        58 KB │    1.11x │           1970 │               11 │      80 MB/s │
 oodle_mermaid │        58 KB │    1.10x │            465 │                5 │     178 MB/s │
 oodle_selkie │        61 KB │    1.05x │            406 │               38 │     220 MB/s │
════════════════════════════════════════════════════════════════════════════════════════════

Payload Profile: low_compressibility | Payload Size: 256KB
════════════════════════════════════════════════════════════════════════════════════════════
 Algorithm    │   Compressed │    Ratio │  Compress(μs) │  Decompress(μs) │   Throughput │
════════════════════════════════════════════════════════════════════════════════════════════
 noop         │       256 KB │    1.00x │            345 │               14 │     728 MB/s │
 zstd         │       232 KB │    1.10x │           5831 │               37 │     116 MB/s │
 lz4          │       236 KB │    1.08x │           2656 │               19 │     261 MB/s │
 zlib         │       233 KB │    1.10x │           8123 │              896 │      39 MB/s │
 snappy       │       237 KB │    1.08x │            462 │               58 │     543 MB/s │
 brotli       │       233 KB │    1.10x │         214772 │             1117 │      72 MB/s │
 oodle_kraken │       232 KB │    1.10x │           2031 │               33 │     174 MB/s │
 oodle_leviathan │       231 KB │    1.11x │           3943 │               45 │     106 MB/s │
 oodle_mermaid │       234 KB │    1.10x │           2098 │               33 │     185 MB/s │
 oodle_selkie │       245 KB │    1.05x │           1794 │               31 │     246 MB/s │
════════════════════════════════════════════════════════════════════════════════════════════

Payload Profile: low_compressibility | Payload Size: 1024KB
════════════════════════════════════════════════════════════════════════════════════════════
 Algorithm    │   Compressed │    Ratio │  Compress(μs) │  Decompress(μs) │   Throughput │
════════════════════════════════════════════════════════════════════════════════════════════
 noop         │      1024 KB │    1.00x │           1351 │               51 │     741 MB/s │
 zstd         │       924 KB │    1.11x │          26842 │              183 │     146 MB/s │
 lz4          │       944 KB │    1.08x │          11148 │              104 │     255 MB/s │
 zlib         │       933 KB │    1.10x │          33534 │             3638 │      38 MB/s │
 snappy       │       948 KB │    1.08x │           1940 │              198 │     517 MB/s │
 brotli       │       933 KB │    1.10x │         793831 │             5037 │      75 MB/s │
 oodle_kraken │       927 KB │    1.10x │           8250 │              157 │     176 MB/s │
 oodle_leviathan │       922 KB │    1.11x │          17358 │              129 │      96 MB/s │
 oodle_mermaid │       935 KB │    1.10x │           7049 │              128 │     213 MB/s │
 oodle_selkie │       980 KB │    1.05x │           6233 │              149 │     263 MB/s │
════════════════════════════════════════════════════════════════════════════════════════════


Compression Benchmark Summary
═════════════════════
Platform: macOS 14.6.1 | Device: MacBookPro18,1 | SoC: Apple M1 Pro

Compression: 10 algorithms × 3 payload profile(s) × 3 payload size(s) × 5 iteration(s) = 990 results
  Best ratio: zstd — 31.93x
  Fastest decompress: noop — 0 μs

JSON written to /Users/swannzhang/Workspace/AIProjects/MT-PSO-Talk/BenchmarkApp/../benchmark_results/macos/20260418T160125Z/benchmark_report.json
Compression CSV written to /Users/swannzhang/Workspace/AIProjects/MT-PSO-Talk/BenchmarkApp/../benchmark_results/macos/20260418T160125Z/compression_results.csv
