Compression Benchmark
Payload Profile: pso_like | Payload Size: 64KB
════════════════════════════════════════════════════════════════════════════════════════════
 Algorithm    │   Compressed │    Ratio │  Compress(μs) │  Decompress(μs) │   Throughput │
════════════════════════════════════════════════════════════════════════════════════════════
 noop         │        64 KB │    1.00x │             85 │                0 │     734 MB/s │
 zstd         │         3 KB │   22.36x │           5989 │               21 │     304 MB/s │
 lz4          │         5 KB │   14.36x │            284 │                4 │     330 MB/s │
 zlib         │         3 KB │   19.82x │            689 │               60 │     157 MB/s │
 snappy       │         6 KB │   10.37x │            365 │               11 │     290 MB/s │
 brotli       │         3 KB │   23.43x │          40435 │               69 │     174 MB/s │
 oodle_kraken │         4 KB │   19.04x │            286 │               60 │     228 MB/s │
 oodle_leviathan │         3 KB │   24.85x │           1770 │               20 │     123 MB/s │
 oodle_mermaid │         5 KB │   12.95x │            361 │               27 │     198 MB/s │
 oodle_selkie │        12 KB │    7.15x │            252 │               10 │     283 MB/s │
════════════════════════════════════════════════════════════════════════════════════════════

Payload Profile: pso_like | Payload Size: 256KB
════════════════════════════════════════════════════════════════════════════════════════════
 Algorithm    │   Compressed │    Ratio │  Compress(μs) │  Decompress(μs) │   Throughput │
════════════════════════════════════════════════════════════════════════════════════════════
 noop         │       256 KB │    1.00x │            339 │                5 │     737 MB/s │
 zstd         │        10 KB │   25.45x │          23402 │               57 │     294 MB/s │
 lz4          │        17 KB │   16.07x │           1180 │               14 │     362 MB/s │
 zlib         │        12 KB │   21.94x │           2592 │              233 │     179 MB/s │
 snappy       │        25 KB │   10.32x │            555 │              135 │     467 MB/s │
 brotli       │        10 KB │   25.93x │         166576 │              201 │     194 MB/s │
 oodle_kraken │        14 KB │   21.00x │            855 │              114 │     309 MB/s │
 oodle_leviathan │         9 KB │   27.92x │           1551 │               53 │     207 MB/s │
 oodle_mermaid │        18 KB │   15.85x │           1084 │               79 │     253 MB/s │
 oodle_selkie │        46 KB │    8.22x │           1011 │               42 │     272 MB/s │
════════════════════════════════════════════════════════════════════════════════════════════

Payload Profile: pso_like | Payload Size: 1024KB
════════════════════════════════════════════════════════════════════════════════════════════
 Algorithm    │   Compressed │    Ratio │  Compress(μs) │  Decompress(μs) │   Throughput │
════════════════════════════════════════════════════════════════════════════════════════════
 noop         │      1024 KB │    1.00x │           1391 │               71 │     720 MB/s │
 zstd         │        39 KB │   26.68x │          73715 │              230 │     285 MB/s │
 lz4          │        65 KB │   16.34x │           4689 │               99 │     357 MB/s │
 zlib         │        46 KB │   22.61x │          10604 │              941 │     185 MB/s │
 snappy       │        99 KB │   10.31x │           2258 │              301 │     449 MB/s │
 brotli       │        39 KB │   26.94x │         672221 │              719 │     194 MB/s │
 oodle_kraken │        55 KB │   21.14x │           3675 │              327 │     285 MB/s │
 oodle_leviathan │        37 KB │   28.24x │           6855 │              222 │     187 MB/s │
 oodle_mermaid │        72 KB │   16.22x │           3817 │              287 │     279 MB/s │
 oodle_selkie │       179 KB │    8.30x │           3348 │              185 │     329 MB/s │
════════════════════════════════════════════════════════════════════════════════════════════

Payload Profile: high_compressibility | Payload Size: 64KB
════════════════════════════════════════════════════════════════════════════════════════════
 Algorithm    │   Compressed │    Ratio │  Compress(μs) │  Decompress(μs) │   Throughput │
════════════════════════════════════════════════════════════════════════════════════════════
 noop         │        64 KB │    1.00x │             87 │                2 │     716 MB/s │
 zstd         │         7 KB │    9.63x │          12439 │               10 │     270 MB/s │
 lz4          │         8 KB │    8.44x │            371 │                3 │     352 MB/s │
 zlib         │         7 KB │    9.15x │           1342 │               72 │     131 MB/s │
 snappy       │         9 KB │    6.80x │            160 │                7 │     434 MB/s │
 brotli       │         7 KB │    9.49x │          33346 │               38 │     164 MB/s │
 oodle_kraken │         6 KB │    9.88x │            219 │                4 │     295 MB/s │
 oodle_leviathan │         6 KB │   10.01x │           1794 │               76 │     170 MB/s │
 oodle_mermaid │         7 KB │    9.00x │            289 │                5 │     344 MB/s │
 oodle_selkie │         8 KB │    7.66x │            232 │               43 │     280 MB/s │
════════════════════════════════════════════════════════════════════════════════════════════

Payload Profile: high_compressibility | Payload Size: 256KB
════════════════════════════════════════════════════════════════════════════════════════════
 Algorithm    │   Compressed │    Ratio │  Compress(μs) │  Decompress(μs) │   Throughput │
════════════════════════════════════════════════════════════════════════════════════════════
 noop         │       256 KB │    1.00x │            332 │                5 │     753 MB/s │
 zstd         │        26 KB │    9.73x │          75217 │               37 │     276 MB/s │
 lz4          │        29 KB │    8.69x │           1431 │               13 │     332 MB/s │
 zlib         │        28 KB │    9.19x │           5460 │              271 │     140 MB/s │
 snappy       │        38 KB │    6.80x │            406 │               55 │     617 MB/s │
 brotli       │        27 KB │    9.57x │         143567 │              141 │     157 MB/s │
 oodle_kraken │        26 KB │   10.00x │            904 │               30 │     304 MB/s │
 oodle_leviathan │        25 KB │   10.12x │           1582 │               28 │     204 MB/s │
 oodle_mermaid │        28 KB │    9.09x │            822 │               27 │     362 MB/s │
 oodle_selkie │        33 KB │    7.74x │            819 │               28 │     386 MB/s │
════════════════════════════════════════════════════════════════════════════════════════════

Payload Profile: high_compressibility | Payload Size: 1024KB
════════════════════════════════════════════════════════════════════════════════════════════
 Algorithm    │   Compressed │    Ratio │  Compress(μs) │  Decompress(μs) │   Throughput │
════════════════════════════════════════════════════════════════════════════════════════════
 noop         │      1024 KB │    1.00x │           1398 │               49 │     717 MB/s │
 zstd         │       106 KB │    9.64x │         195314 │              171 │     269 MB/s │
 lz4          │       118 KB │    8.70x │           5611 │               65 │     350 MB/s │
 zlib         │       111 KB │    9.20x │          20982 │             1119 │     143 MB/s │
 snappy       │       151 KB │    6.80x │           1642 │              223 │     610 MB/s │
 brotli       │       107 KB │    9.57x │         592769 │              709 │     171 MB/s │
 oodle_kraken │       103 KB │    9.98x │           3215 │              174 │     344 MB/s │
 oodle_leviathan │       101 KB │   10.09x │           6093 │              125 │     207 MB/s │
 oodle_mermaid │       113 KB │    9.04x │           2721 │              115 │     427 MB/s │
 oodle_selkie │       133 KB │    7.72x │           2704 │              179 │     415 MB/s │
════════════════════════════════════════════════════════════════════════════════════════════

Payload Profile: low_compressibility | Payload Size: 64KB
════════════════════════════════════════════════════════════════════════════════════════════
 Algorithm    │   Compressed │    Ratio │  Compress(μs) │  Decompress(μs) │   Throughput │
════════════════════════════════════════════════════════════════════════════════════════════
 noop         │        64 KB │    1.00x │             82 │                0 │     762 MB/s │
 zstd         │        58 KB │    1.10x │           1392 │                6 │     115 MB/s │
 lz4          │        59 KB │    1.08x │            500 │                2 │     282 MB/s │
 zlib         │        58 KB │    1.10x │           1780 │              227 │      45 MB/s │
 snappy       │        59 KB │    1.08x │            134 │                6 │     480 MB/s │
 brotli       │        58 KB │    1.10x │          52235 │              237 │      57 MB/s │
 oodle_kraken │        58 KB │    1.10x │            535 │                8 │     165 MB/s │
 oodle_leviathan │        58 KB │    1.11x │           2079 │               13 │      85 MB/s │
 oodle_mermaid │        58 KB │    1.10x │            489 │                5 │     179 MB/s │
 oodle_selkie │        61 KB │    1.05x │            448 │               49 │     226 MB/s │
════════════════════════════════════════════════════════════════════════════════════════════

Payload Profile: low_compressibility | Payload Size: 256KB
════════════════════════════════════════════════════════════════════════════════════════════
 Algorithm    │   Compressed │    Ratio │  Compress(μs) │  Decompress(μs) │   Throughput │
════════════════════════════════════════════════════════════════════════════════════════════
 noop         │       256 KB │    1.00x │            344 │                6 │     727 MB/s │
 zstd         │       232 KB │    1.10x │           5708 │               32 │     131 MB/s │
 lz4          │       236 KB │    1.08x │           2529 │               14 │     260 MB/s │
 zlib         │       233 KB │    1.10x │           8016 │              901 │      40 MB/s │
 snappy       │       237 KB │    1.08x │            511 │               53 │     504 MB/s │
 brotli       │       233 KB │    1.10x │         198445 │             1078 │      72 MB/s │
 oodle_kraken │       232 KB │    1.10x │           1890 │               68 │     170 MB/s │
 oodle_leviathan │       231 KB │    1.11x │           3893 │               36 │     101 MB/s │
 oodle_mermaid │       234 KB │    1.10x │           1933 │               21 │     223 MB/s │
 oodle_selkie │       245 KB │    1.05x │           1774 │               31 │     271 MB/s │
════════════════════════════════════════════════════════════════════════════════════════════

Payload Profile: low_compressibility | Payload Size: 1024KB
════════════════════════════════════════════════════════════════════════════════════════════
 Algorithm    │   Compressed │    Ratio │  Compress(μs) │  Decompress(μs) │   Throughput │
════════════════════════════════════════════════════════════════════════════════════════════
 noop         │      1024 KB │    1.00x │           1374 │               73 │     728 MB/s │
 zstd         │       924 KB │    1.11x │          22802 │              160 │     170 MB/s │
 lz4          │       944 KB │    1.08x │          10699 │               70 │     250 MB/s │
 zlib         │       933 KB │    1.10x │          33445 │             3625 │      39 MB/s │
 snappy       │       948 KB │    1.08x │           2152 │              304 │     471 MB/s │
 brotli       │       933 KB │    1.10x │         610611 │             4505 │      75 MB/s │
 oodle_kraken │       927 KB │    1.10x │           7687 │              195 │     182 MB/s │
 oodle_leviathan │       922 KB │    1.11x │          16940 │              188 │     100 MB/s │
 oodle_mermaid │       935 KB │    1.10x │           6807 │              118 │     214 MB/s │
 oodle_selkie │       980 KB │    1.05x │           5946 │               79 │     283 MB/s │
════════════════════════════════════════════════════════════════════════════════════════════


Compression Benchmark Summary
═════════════════════
Platform: macOS | Device: Mac | SoC: Apple Silicon

Compression: 10 algorithms × 3 payload profile(s) × 3 payload size(s) × 5 iteration(s) = 990 results
  Best ratio: zstd — 31.93x
  Fastest decompress: noop — 0 μs

JSON written to /Users/swannzhang/Workspace/AIProjects/MT-PSO-Talk/release/scripts/../results/macos/20260418T152556Z/benchmark_report.json
Compression CSV written to /Users/swannzhang/Workspace/AIProjects/MT-PSO-Talk/release/scripts/../results/macos/20260418T152556Z/compression_results.csv
